<?xml version="1.0" encoding="UTF-8"?>
<!-- Generated by org.testng.reporters.JUnitReportReporter -->
<testsuite skipped="0" hostname="UPLC" name="com.shubhangi.LoginForm" tests="1" failures="0" timestamp="2020-06-12T11:38:56 IST" time="41.124" errors="0">
  <testcase name="form" time="41.124" classname="com.shubhangi.LoginForm"/>
  <system-out/>
</testsuite> <!-- com.shubhangi.LoginForm -->
